2022-05-18_12-59-08 [http-nio-8101-exec-5] ERROR c.c.p.p.e.GlobalExceptionHandler - handles by handleFeignStatusException
2022-05-18_12-59-08 [http-nio-8101-exec-5] ERROR c.c.p.p.e.GlobalExceptionHandler - [404] during [GET] to [http://localhost:8102/pensioner/jwt/t1/PensionerDetailByAadhaar/123456789876] [PensionerDetailFeignClient#getPensionerDetailByAadhaar(String,long)]: [{"timeStamp":"18-05-2022 02:45:26","status":"NOT_FOUND","message":"Aadhar Card Number is not Valid. Please check it and try again"}]
2022-05-18_12-59-08 [http-nio-8101-exec-8] ERROR c.c.p.p.e.GlobalExceptionHandler - handles by handleFeignStatusException
2022-05-18_12-59-08 [http-nio-8101-exec-8] ERROR c.c.p.p.e.GlobalExceptionHandler - [404] during [GET] to [http://localhost:8102/pensioner/jwt/t1/PensionerDetailByAadhaar/123456789876] [PensionerDetailFeignClient#getPensionerDetailByAadhaar(String,long)]: [{"timeStamp":"18-05-2022 02:45:29","status":"NOT_FOUND","message":"Aadhar Card Number is not Valid. Please check it and try again"}]
2022-05-18_12-59-08 [http-nio-8101-exec-9] ERROR c.c.p.p.e.GlobalExceptionHandler - handles by handleFeignStatusException
2022-05-18_12-59-08 [http-nio-8101-exec-9] ERROR c.c.p.p.e.GlobalExceptionHandler - [404] during [GET] to [http://localhost:8102/pensioner/jwt/t1/PensionerDetailByAadhaar/123456789876] [PensionerDetailFeignClient#getPensionerDetailByAadhaar(String,long)]: [{"timeStamp":"18-05-2022 02:46:17","status":"NOT_FOUND","message":"Aadhar Card Number is not Valid. Please check it and try again"}]
2022-05-18_12-59-08 [http-nio-8101-exec-10] ERROR c.c.p.p.e.GlobalExceptionHandler - handles by handleFeignStatusException
2022-05-18_12-59-08 [http-nio-8101-exec-10] ERROR c.c.p.p.e.GlobalExceptionHandler - [404] during [GET] to [http://localhost:8102/pensioner/jwt/t1/PensionerDetailByAadhaar/123456789876] [PensionerDetailFeignClient#getPensionerDetailByAadhaar(String,long)]: [{"timeStamp":"18-05-2022 02:46:19","status":"NOT_FOUND","message":"Aadhar Card Number is not Valid. Please check it and try again"}]
2022-05-18_12-59-08 [http-nio-8101-exec-2] ERROR c.c.p.p.e.GlobalExceptionHandler - Invalid pensioner detail provided, please provide valid detail.
2022-05-18_12-59-08 [http-nio-8101-exec-1] ERROR c.c.p.p.e.GlobalExceptionHandler - Invalid pensioner detail provided, please provide valid detail.
2022-05-18_12-59-08 [http-nio-8101-exec-4] ERROR c.c.p.p.e.GlobalExceptionHandler - Invalid pensioner detail provided, please provide valid detail.
2022-05-18_12-59-08 [http-nio-8101-exec-5] ERROR c.c.p.p.e.GlobalExceptionHandler - Invalid pensioner detail provided, please provide valid detail.
2022-05-18_12-59-08 [http-nio-8101-exec-2] ERROR c.c.p.p.e.GlobalExceptionHandler - Invalid pensioner detail provided, please provide valid detail.
2022-05-18_12-59-08 [http-nio-8101-exec-7] ERROR c.c.p.p.e.GlobalExceptionHandler - handles by handleFeignStatusException
2022-05-18_12-59-08 [http-nio-8101-exec-7] ERROR c.c.p.p.e.GlobalExceptionHandler - [404] during [GET] to [http://localhost:8102/pensioner/jwt/t1/PensionerDetailByAadhaar/529585952102] [PensionerDetailFeignClient#getPensionerDetailByAadhaar(String,long)]: [{"timeStamp":"18-05-2022 02:57:06","status":"NOT_FOUND","message":"Aadhar Card Number is not Valid. Please check it and try again"}]
2022-05-18_12-59-08 [http-nio-8101-exec-4] ERROR c.c.p.p.e.GlobalExceptionHandler - handles by handleFeignStatusException
2022-05-18_12-59-08 [http-nio-8101-exec-4] ERROR c.c.p.p.e.GlobalExceptionHandler - [404] during [GET] to [http://localhost:8102/pensioner/jwt/t1/PensionerDetailByAadhaar/529585952102] [PensionerDetailFeignClient#getPensionerDetailByAadhaar(String,long)]: [{"timeStamp":"18-05-2022 02:57:27","status":"NOT_FOUND","message":"Aadhar Card Number is not Valid. Please check it and try again"}]
2022-05-18_12-59-08 [http-nio-8101-exec-5] ERROR c.c.p.p.e.GlobalExceptionHandler - Not allowed
2022-05-18_12-59-08 [http-nio-8101-exec-8] ERROR c.c.p.p.e.GlobalExceptionHandler - Not allowed
2022-05-18_12-59-08 [http-nio-8101-exec-10] ERROR c.c.p.p.e.GlobalExceptionHandler - handles by handleFeignStatusException
2022-05-18_12-59-08 [http-nio-8101-exec-10] ERROR c.c.p.p.e.GlobalExceptionHandler - [404] during [GET] to [http://localhost:8102/pensioner/jwt/t1/PensionerDetailByAadhaar/1234567898765] [PensionerDetailFeignClient#getPensionerDetailByAadhaar(String,long)]: [{"timeStamp":"18-05-2022 03:19:56","status":"NOT_FOUND","message":"Aadhar Card Number is not Valid. Please check it and try again"}]
2022-05-18_12-59-08 [http-nio-8101-exec-2] ERROR c.c.p.p.e.GlobalExceptionHandler - handles by handleFeignStatusException
2022-05-18_12-59-08 [http-nio-8101-exec-2] ERROR c.c.p.p.e.GlobalExceptionHandler - [404] during [GET] to [http://localhost:8102/pensioner/jwt/t1/PensionerDetailByAadhaar/1234567898765] [PensionerDetailFeignClient#getPensionerDetailByAadhaar(String,long)]: [{"timeStamp":"18-05-2022 03:20:17","status":"NOT_FOUND","message":"Aadhar Card Number is not Valid. Please check it and try again"}]
2022-05-18_12-59-08 [http-nio-8101-exec-3] ERROR c.c.p.p.e.GlobalExceptionHandler - handles by handleFeignStatusException
2022-05-18_12-59-08 [http-nio-8101-exec-3] ERROR c.c.p.p.e.GlobalExceptionHandler - [404] during [GET] to [http://localhost:8102/pensioner/jwt/t1/PensionerDetailByAadhaar/1234567898765] [PensionerDetailFeignClient#getPensionerDetailByAadhaar(String,long)]: [{"timeStamp":"18-05-2022 03:20:57","status":"NOT_FOUND","message":"Aadhar Card Number is not Valid. Please check it and try again"}]
2022-05-18_12-59-08 [http-nio-8101-exec-1] ERROR c.c.p.p.e.GlobalExceptionHandler - handles by handleFeignStatusException
2022-05-18_12-59-08 [http-nio-8101-exec-1] ERROR c.c.p.p.e.GlobalExceptionHandler - [404] during [GET] to [http://localhost:8102/pensioner/jwt/t1/PensionerDetailByAadhaar/8765678765] [PensionerDetailFeignClient#getPensionerDetailByAadhaar(String,long)]: [{"timeStamp":"18-05-2022 03:22:55","status":"NOT_FOUND","message":"Aadhar Card Number is not Valid. Please check it and try again"}]
2022-05-18_12-59-08 [http-nio-8101-exec-7] ERROR c.c.p.p.e.GlobalExceptionHandler - handles by handleFeignStatusException
2022-05-18_12-59-08 [http-nio-8101-exec-7] ERROR c.c.p.p.e.GlobalExceptionHandler - [404] during [GET] to [http://localhost:8102/pensioner/jwt/t1/PensionerDetailByAadhaar/126537657892] [PensionerDetailFeignClient#getPensionerDetailByAadhaar(String,long)]: [{"timeStamp":"18-05-2022 03:24:12","status":"NOT_FOUND","message":"Aadhar Card Number is not Valid. Please check it and try again"}]
2022-05-18_12-59-08 [http-nio-8101-exec-4] ERROR c.c.p.p.e.GlobalExceptionHandler - handles by handleFeignStatusException
2022-05-18_12-59-08 [http-nio-8101-exec-4] ERROR c.c.p.p.e.GlobalExceptionHandler - [404] during [GET] to [http://localhost:8102/pensioner/jwt/t1/PensionerDetailByAadhaar/546765879743] [PensionerDetailFeignClient#getPensionerDetailByAadhaar(String,long)]: [{"timeStamp":"18-05-2022 03:25:31","status":"NOT_FOUND","message":"Aadhar Card Number is not Valid. Please check it and try again"}]
2022-05-18_12-59-08 [http-nio-8101-exec-6] ERROR c.c.p.p.e.GlobalExceptionHandler - handles by handleFeignStatusException
2022-05-18_12-59-08 [http-nio-8101-exec-6] ERROR c.c.p.p.e.GlobalExceptionHandler - [404] during [GET] to [http://localhost:8102/pensioner/jwt/t1/PensionerDetailByAadhaar/123456578987] [PensionerDetailFeignClient#getPensionerDetailByAadhaar(String,long)]: [{"timeStamp":"18-05-2022 03:27:10","status":"NOT_FOUND","message":"Aadhar Card Number is not Valid. Please check it and try again"}]
2022-05-18_12-59-08 [http-nio-8101-exec-5] ERROR c.c.p.p.e.GlobalExceptionHandler - handles by handleFeignStatusException
2022-05-18_12-59-08 [http-nio-8101-exec-5] ERROR c.c.p.p.e.GlobalExceptionHandler - [404] during [GET] to [http://localhost:8102/pensioner/jwt/t1/PensionerDetailByAadhaar/8764368986543] [PensionerDetailFeignClient#getPensionerDetailByAadhaar(String,long)]: [{"timeStamp":"18-05-2022 03:32:35","status":"NOT_FOUND","message":"Aadhar Card Number is not Valid. Please check it and try again"}]
2022-05-18_12-59-08 [http-nio-8101-exec-9] ERROR c.c.p.p.e.GlobalExceptionHandler - handles by handleFeignStatusException
2022-05-18_12-59-08 [http-nio-8101-exec-9] ERROR c.c.p.p.e.GlobalExceptionHandler - [404] during [GET] to [http://localhost:8102/pensioner/jwt/t1/PensionerDetailByAadhaar/529585952105] [PensionerDetailFeignClient#getPensionerDetailByAadhaar(String,long)]: [{"timeStamp":"18-05-2022 03:46:43","status":"NOT_FOUND","message":"Aadhar Card Number is not Valid. Please check it and try again"}]
2022-05-18_12-59-08 [http-nio-8101-exec-2] ERROR c.c.p.p.e.GlobalExceptionHandler - handles by handleFeignStatusException
2022-05-18_12-59-08 [http-nio-8101-exec-2] ERROR c.c.p.p.e.GlobalExceptionHandler - [404] during [GET] to [http://localhost:8102/pensioner/jwt/t1/PensionerDetailByAadhaar/529585952105] [PensionerDetailFeignClient#getPensionerDetailByAadhaar(String,long)]: [{"timeStamp":"18-05-2022 03:48:04","status":"NOT_FOUND","message":"Aadhar Card Number is not Valid. Please check it and try again"}]
2022-05-18_12-59-08 [http-nio-8101-exec-9] ERROR c.c.p.p.e.GlobalExceptionHandler - handles by handleFeignStatusException
2022-05-18_12-59-08 [http-nio-8101-exec-9] ERROR c.c.p.p.e.GlobalExceptionHandler - [400] during [POST] to [http://localhost:8103/disbursement/jwt/t1/disbursePension] [PensionDisbursementFeignClient#getResponse(String,ProcessPensionInput)]: [{"timeStamp":"18-05-2022 04:19:27"}]
2022-05-18_12-59-08 [http-nio-8101-exec-10] ERROR c.c.p.p.e.GlobalExceptionHandler - handles by handleFeignStatusException
2022-05-18_12-59-08 [http-nio-8101-exec-10] ERROR c.c.p.p.e.GlobalExceptionHandler - [400] during [POST] to [http://localhost:8103/disbursement/jwt/t1/disbursePension] [PensionDisbursementFeignClient#getResponse(String,ProcessPensionInput)]: [{"timeStamp":"18-05-2022 04:19:58"}]
2022-05-18_12-59-08 [http-nio-8101-exec-2] ERROR c.c.p.p.e.GlobalExceptionHandler - handles by handleFeignStatusException
2022-05-18_12-59-08 [http-nio-8101-exec-2] ERROR c.c.p.p.e.GlobalExceptionHandler - [400] during [POST] to [http://localhost:8103/disbursement/jwt/t1/disbursePension] [PensionDisbursementFeignClient#getResponse(String,ProcessPensionInput)]: [{"timeStamp":"18-05-2022 04:31:18"}]
2022-05-18_12-59-08 [http-nio-8101-exec-3] ERROR c.c.p.p.e.GlobalExceptionHandler - handles by handleFeignStatusException
2022-05-18_12-59-08 [http-nio-8101-exec-3] ERROR c.c.p.p.e.GlobalExceptionHandler - [400] during [POST] to [http://localhost:8103/disbursement/jwt/t1/disbursePension] [PensionDisbursementFeignClient#getResponse(String,ProcessPensionInput)]: [{"timeStamp":"18-05-2022 04:47:31"}]
2022-05-18_12-59-08 [http-nio-8101-exec-9] ERROR c.c.p.p.e.GlobalExceptionHandler - handles by handleFeignStatusException
2022-05-18_12-59-08 [http-nio-8101-exec-9] ERROR c.c.p.p.e.GlobalExceptionHandler - [404] during [GET] to [http://localhost:8102/pensioner/jwt/t1/PensionerDetailByAadhaar/529585952105] [PensionerDetailFeignClient#getPensionerDetailByAadhaar(String,long)]: [{"timeStamp":"18-05-2022 06:33:44","status":"NOT_FOUND","message":"Aadhar Card Number is not Valid. Please check it and try again"}]
2022-05-18_12-59-08 [http-nio-8101-exec-3] ERROR c.c.p.p.e.GlobalExceptionHandler - handles by handleFeignStatusException
2022-05-18_12-59-08 [http-nio-8101-exec-3] ERROR c.c.p.p.e.GlobalExceptionHandler - [400] during [POST] to [http://localhost:8103/disbursement/jwt/t1/disbursePension] [PensionDisbursementFeignClient#getResponse(String,ProcessPensionInput)]: [{"timeStamp":"18-05-2022 06:34:47"}]
2022-05-18_12-59-08 [http-nio-8101-exec-6] ERROR c.c.p.p.e.GlobalExceptionHandler - handles by handleFeignStatusException
2022-05-18_12-59-08 [http-nio-8101-exec-6] ERROR c.c.p.p.e.GlobalExceptionHandler - [400] during [POST] to [http://localhost:8103/disbursement/jwt/t1/disbursePension] [PensionDisbursementFeignClient#getResponse(String,ProcessPensionInput)]: [{"timeStamp":"18-05-2022 06:38:31"}]
