2022-05-19_14-06-30 [main] ERROR c.c.p.p.e.GlobalExceptionHandler - Aadhar Card Number is not Valid. Please check it and try again
2022-05-19_14-06-30 [main] ERROR c.c.p.p.e.GlobalExceptionHandler - Invalid pensioner detail provided, please provide valid detail.
2022-05-19_14-06-30 [main] ERROR c.c.p.p.e.GlobalExceptionHandler - Missing request header 'Authorization' for method parameter of type String
2022-05-19_14-06-30 [main] ERROR c.c.p.p.e.GlobalExceptionHandler - Not allowed
2022-05-19_14-06-30 [main] ERROR c.c.p.p.e.GlobalExceptionHandler - Not allowed
2022-05-19_14-44-55 [http-nio-8101-exec-6] ERROR c.c.p.p.e.GlobalExceptionHandler - handles by handleFeignStatusException
2022-05-19_14-44-55 [http-nio-8101-exec-6] ERROR c.c.p.p.e.GlobalExceptionHandler - [400] during [POST] to [http://localhost:8103/disbursement/jwt/t1/disbursePension] [PensionDisbursementFeignClient#getResponse(String,ProcessPensionInput)]: [{"timeStamp":"19-05-2022 03:14:25"}]
2022-05-19_14-44-55 [http-nio-8101-exec-7] ERROR c.c.p.p.e.GlobalExceptionHandler - handles by handleFeignStatusException
2022-05-19_14-44-55 [http-nio-8101-exec-7] ERROR c.c.p.p.e.GlobalExceptionHandler - [400] during [POST] to [http://localhost:8103/disbursement/jwt/t1/disbursePension] [PensionDisbursementFeignClient#getResponse(String,ProcessPensionInput)]: [{"timeStamp":"19-05-2022 03:14:40"}]
2022-05-19_16-01-12 [main] ERROR c.c.p.p.e.GlobalExceptionHandler - Aadhar Card Number is not Valid. Please check it and try again
2022-05-19_16-01-12 [main] ERROR c.c.p.p.e.GlobalExceptionHandler - Invalid pensioner detail provided, please provide valid detail.
2022-05-19_16-01-12 [main] ERROR c.c.p.p.e.GlobalExceptionHandler - Missing request header 'Authorization' for method parameter of type String
2022-05-19_16-01-12 [main] ERROR c.c.p.p.e.GlobalExceptionHandler - Not allowed
2022-05-19_16-01-12 [main] ERROR c.c.p.p.e.GlobalExceptionHandler - Not allowed
2022-05-19_16-03-59 [main] ERROR c.c.p.p.e.GlobalExceptionHandler - Aadhar Card Number is not Valid. Please check it and try again
2022-05-19_16-03-59 [main] ERROR c.c.p.p.e.GlobalExceptionHandler - Invalid pensioner detail provided, please provide valid detail.
2022-05-19_16-03-59 [main] ERROR c.c.p.p.e.GlobalExceptionHandler - Missing request header 'Authorization' for method parameter of type String
2022-05-19_16-03-59 [main] ERROR c.c.p.p.e.GlobalExceptionHandler - Not allowed
2022-05-19_16-03-59 [main] ERROR c.c.p.p.e.GlobalExceptionHandler - Not allowed
2022-05-19_16-08-48 [main] ERROR c.c.p.p.e.GlobalExceptionHandler - Aadhar Card Number is not Valid. Please check it and try again
2022-05-19_16-08-48 [main] ERROR c.c.p.p.e.GlobalExceptionHandler - Invalid pensioner detail provided, please provide valid detail.
2022-05-19_16-08-48 [main] ERROR c.c.p.p.e.GlobalExceptionHandler - Missing request header 'Authorization' for method parameter of type String
2022-05-19_16-08-48 [main] ERROR c.c.p.p.e.GlobalExceptionHandler - Not allowed
2022-05-19_16-08-48 [main] ERROR c.c.p.p.e.GlobalExceptionHandler - Not allowed
